<?xml version="1.0" encoding="UTF-8"?>
<!-- Generated by org.testng.reporters.JUnitXMLReporter -->
<testsuite hostname="madhav-PC" name="theittdepotTest" tests="1" failures="1" timestamp="17 Feb 2018 21:28:38 GMT" time="0.041" errors="0">
  <testcase name="@AfterClass endTest" time="0.0" classname="com.test.automation.PcBuild.TC001_Get_Price_Details">
    <failure type="java.lang.NullPointerException">
      <![CDATA[java.lang.NullPointerException
	at com.test.automation.PcBuild.TestBase.TestBase.quitBrowser(TestBase.java:73)
	at com.test.automation.PcBuild.TC001_Get_Price_Details.endTest(TC001_Get_Price_Details.java:118)
... Removed 24 stack frames]]>
    </failure>
  </testcase> <!-- @AfterClass endTest -->
  <testcase name="Get_Computer_Parts_Prices" time="0.007" classname="com.test.automation.PcBuild.TC001_Get_Price_Details">
    <failure type="java.lang.NullPointerException">
      <![CDATA[java.lang.NullPointerException
	at com.test.automation.PcBuild.TestBase.TestBase.GetTitle(TestBase.java:68)
	at com.test.automation.PcBuild.TC001_Get_Price_Details.Get_Computer_Parts_Prices(TC001_Get_Price_Details.java:29)
... Removed 24 stack frames]]>
    </failure>
  </testcase> <!-- Get_Computer_Parts_Prices -->
</testsuite> <!-- theittdepotTest -->
